"""
Test function that print
"""

>>> say_my_name = __import__('3-say_my_name').say_my_name

>>> say_my_name("John", "Bohnam")
My name is John Bohnam

>>> say_my_name("Logan", "Volwerine")
My name is Logan Volwerine

>>> say_my_name("Hoot")
My name is Hoot

>>> say_my_name(12, "Volwerine")
Traceback (most recent call last):
TypeError: first_name must be a string

>>> say_my_name("Logan", 27)
Traceback (most recent call last):
TypeError: last_name must be a string

>>> say_my_name()
Traceback (most recent call last):
TypeError: say_my_name() missing 1 required positional argument: 'first_name'
